### Compiling unit tests ###

### Running unit tests ###
╷
├─ JUnit Jupiter ✔
│  └─ FlightTest ✔
│     ├─ testAirportToStringOneFlight() ✔
│     ├─ testOnSameFlight() ✔
│     ├─ testFlightToStringFourAirports() ✔
│     ├─ testFlightEquals() ✔
│     ├─ testFlightToStringNoAirports() ✔
│     ├─ testFlightGetDate() ✔
│     ├─ testFlightGetName() ✔
│     ├─ testAirportNotVisitedBy() ✔
│     ├─ testOneFlightTwoAirports() ✘ org.opentest4j.AssertionFailedError: 
│     ├─ testAirportToStringThreeFlights() ✔
│     ├─ testNotOnSameFlight() ✔
│     ├─ testAirportEqualsTwoFlights() ✔
│     ├─ testAirportNotEqualsTwoAirports() ✔
│     ├─ testAirportWasVisitedBy() ✔
│     ├─ testAirportGetName() ✔
│     ├─ testAirportNotEqualsExtraFlight() ✔
│     ├─ testOneFlightAddFlightGetAirports() ✔
│     ├─ testAirportNotEqualsNonAirport() ✔
│     ├─ testFlightNotEqualsDate() ✔
│     ├─ testFlightNotEqualsName() ✔
│     ├─ testAirportToStringNoFlights() ✔
│     ├─ testOneFlightAddAirportGetAirports() ✔
│     ├─ testAirportEqualsTwoFlightsDifferentOrder() ✔
│     ├─ testFlightToStringOneFlight() ✔
│     ├─ testAirportEqualsNoFlights() ✔
│     ├─ testFlightEqualsDifferentAirports() ✔
│     └─ testGetAirportOneFlightNoAirport() ✔
└─ JUnit Vintage ✔

Failures (1):
  JUnit Jupiter:FlightTest:testOneFlightTwoAirports()
    MethodSource [className = 'FlightTest', methodName = 'testOneFlightTwoAirports', methodParameterTypes = '']
    => org.opentest4j.AssertionFailedError: 

Test run finished after 56 ms
[         3 containers found      ]
[         0 containers skipped    ]
[         3 containers started    ]
[         0 containers aborted    ]
[         3 containers successful ]
[         0 containers failed     ]
[        27 tests found           ]
[         0 tests skipped         ]
[        27 tests started         ]
[         0 tests aborted         ]
[        26 tests successful      ]
[         1 tests failed          ]

